<?xml version="1.0" encoding="UTF-8"?>
<!-- Generated by org.testng.reporters.JUnitReportReporter -->
<testsuite hostname="MuraliKrishnaK" failures="0" tests="2"
	name="com.mk.utilities.CucumberRunner" time="6.255" errors="0"
	timestamp="2024-06-22T23:28:33 IST" skipped="0">
	<testcase classname="com.mk.utilities.CucumberRunner" name="runScenario"
		time="3.734" />
	<testcase classname="com.mk.utilities.CucumberRunner" name="runScenario"
		time="2.521" />
</testsuite> <!-- com.mk.utilities.CucumberRunner -->
