<?xml version="1.0" encoding="UTF-8"?>
<!-- Generated by org.testng.reporters.JUnitReportReporter -->
<testsuite hostname="MuraliKrishnaK" failures="0" tests="4"
	name="com.mk.testsamazon.LoginTests" time="18.366" errors="0"
	timestamp="2024-06-22T21:54:45 IST" skipped="0">
	<testcase classname="com.mk.testsamazon.LoginTests" name="runScenario"
		time="6.278" />
	<testcase classname="com.mk.testsamazon.LoginTests" name="runScenario"
		time="4.549" />
	<testcase classname="com.mk.testsamazon.LoginTests" name="runScenario"
		time="3.922" />
	<testcase classname="com.mk.testsamazon.LoginTests" name="runScenario"
		time="3.617" />
</testsuite> <!-- com.mk.testsamazon.LoginTests -->
